{"C:\\Users\\soham\\Desktop\\unilog\\frontend\\src\\components\\ThemeProvider.tsx": {"path":"C:\\Users\\soham\\Desktop\\unilog\\frontend\\src\\components\\ThemeProvider.tsx","statementMap":{"0":{"start":{"line":16,"column":28},"end":{"line":18,"column":null}},"1":{"start":{"line":17,"column":11},"end":{"line":17,"column":null}},"2":{"start":{"line":20,"column":2},"end":{"line":35,"column":null}},"3":{"start":{"line":21,"column":17},"end":{"line":21,"column":null}},"4":{"start":{"line":22,"column":4},"end":{"line":22,"column":null}},"5":{"start":{"line":24,"column":4},"end":{"line":32,"column":null}},"6":{"start":{"line":25,"column":26},"end":{"line":28,"column":null}},"7":{"start":{"line":30,"column":6},"end":{"line":30,"column":null}},"8":{"start":{"line":31,"column":6},"end":{"line":31,"column":null}},"9":{"start":{"line":34,"column":4},"end":{"line":34,"column":null}},"10":{"start":{"line":37,"column":16},"end":{"line":43,"column":null}},"11":{"start":{"line":40,"column":6},"end":{"line":40,"column":null}},"12":{"start":{"line":41,"column":6},"end":{"line":41,"column":null}},"13":{"start":{"line":45,"column":2},"end":{"line":48,"column":null}}},"fnMap":{"0":{"name":"ThemeProvider","decl":{"start":{"line":10,"column":16},"end":{"line":10,"column":30}},"loc":{"start":{"line":15,"column":23},"end":{"line":50,"column":null}},"line":15},"1":{"name":"(anonymous_1)","decl":{"start":{"line":16,"column":28},"end":{"line":16,"column":null}},"loc":{"start":{"line":17,"column":11},"end":{"line":17,"column":null}},"line":17},"2":{"name":"(anonymous_2)","decl":{"start":{"line":20,"column":2},"end":{"line":20,"column":18}},"loc":{"start":{"line":20,"column":18},"end":{"line":35,"column":5}},"line":20},"3":{"name":"(anonymous_3)","decl":{"start":{"line":39,"column":4},"end":{"line":39,"column":15}},"loc":{"start":{"line":39,"column":32},"end":{"line":42,"column":null}},"line":39}},"branchMap":{"0":{"loc":{"start":{"line":12,"column":2},"end":{"line":12,"column":null}},"type":"default-arg","locations":[{"start":{"line":12,"column":17},"end":{"line":12,"column":null}}],"line":12},"1":{"loc":{"start":{"line":13,"column":2},"end":{"line":13,"column":null}},"type":"default-arg","locations":[{"start":{"line":13,"column":15},"end":{"line":13,"column":null}}],"line":13},"2":{"loc":{"start":{"line":17,"column":11},"end":{"line":17,"column":null}},"type":"binary-expr","locations":[{"start":{"line":17,"column":11},"end":{"line":17,"column":57}},{"start":{"line":17,"column":57},"end":{"line":17,"column":null}}],"line":17},"3":{"loc":{"start":{"line":24,"column":4},"end":{"line":32,"column":null}},"type":"if","locations":[{"start":{"line":24,"column":4},"end":{"line":32,"column":null}},{"start":{},"end":{}}],"line":24},"4":{"loc":{"start":{"line":25,"column":26},"end":{"line":28,"column":null}},"type":"cond-expr","locations":[{"start":{"line":27,"column":10},"end":{"line":27,"column":null}},{"start":{"line":28,"column":10},"end":{"line":28,"column":null}}],"line":25}},"s":{"0":4,"1":3,"2":4,"3":4,"4":4,"5":4,"6":1,"7":1,"8":1,"9":3,"10":4,"11":1,"12":1,"13":4},"f":{"0":4,"1":3,"2":4,"3":1},"b":{"0":[4],"1":[4],"2":[3,3],"3":[1,3],"4":[0,1]},"meta":{"lastBranch":5,"lastFunction":4,"lastStatement":14,"seen":{"f:10:16:10:30":0,"b:12:17:12:Infinity":0,"b:13:15:13:Infinity":1,"s:16:28:18:Infinity":0,"f:16:28:16:Infinity":1,"s:17:11:17:Infinity":1,"b:17:11:17:57:17:57:17:Infinity":2,"s:20:2:35:Infinity":2,"f:20:2:20:18":2,"s:21:17:21:Infinity":3,"s:22:4:22:Infinity":4,"b:24:4:32:Infinity:undefined:undefined:undefined:undefined":3,"s:24:4:32:Infinity":5,"s:25:26:28:Infinity":6,"b:27:10:27:Infinity:28:10:28:Infinity":4,"s:30:6:30:Infinity":7,"s:31:6:31:Infinity":8,"s:34:4:34:Infinity":9,"s:37:16:43:Infinity":10,"f:39:4:39:15":3,"s:40:6:40:Infinity":11,"s:41:6:41:Infinity":12,"s:45:2:48:Infinity":13},"fnNames":{}}}
,"C:\\Users\\soham\\Desktop\\unilog\\frontend\\src\\hooks\\useTheme.ts": {"path":"C:\\Users\\soham\\Desktop\\unilog\\frontend\\src\\hooks\\useTheme.ts","statementMap":{"0":{"start":{"line":10,"column":36},"end":{"line":10,"column":null}},"1":{"start":{"line":12,"column":13},"end":{"line":20,"column":null}},"2":{"start":{"line":13,"column":18},"end":{"line":13,"column":null}},"3":{"start":{"line":15,"column":2},"end":{"line":17,"column":null}},"4":{"start":{"line":16,"column":4},"end":{"line":16,"column":null}},"5":{"start":{"line":19,"column":2},"end":{"line":19,"column":null}}},"fnMap":{"0":{"name":"(anonymous_0)","decl":{"start":{"line":12,"column":13},"end":{"line":12,"column":30}},"loc":{"start":{"line":12,"column":30},"end":{"line":20,"column":null}},"line":12}},"branchMap":{"0":{"loc":{"start":{"line":15,"column":2},"end":{"line":17,"column":null}},"type":"if","locations":[{"start":{"line":15,"column":2},"end":{"line":17,"column":null}},{"start":{},"end":{}}],"line":15}},"s":{"0":1,"1":1,"2":7,"3":7,"4":2,"5":4},"f":{"0":7},"b":{"0":[2,5]},"meta":{"lastBranch":1,"lastFunction":1,"lastStatement":6,"seen":{"s:10:36:10:Infinity":0,"s:12:13:20:Infinity":1,"f:12:13:12:30":0,"s:13:18:13:Infinity":2,"b:15:2:17:Infinity:undefined:undefined:undefined:undefined":0,"s:15:2:17:Infinity":3,"s:16:4:16:Infinity":4,"s:19:2:19:Infinity":5},"fnNames":{}}}
,"C:\\Users\\soham\\Desktop\\unilog\\frontend\\src\\pages\\Dashboard.tsx": {"path":"C:\\Users\\soham\\Desktop\\unilog\\frontend\\src\\pages\\Dashboard.tsx","statementMap":{"0":{"start":{"line":2,"column":2},"end":{"line":8,"column":null}}},"fnMap":{"0":{"name":"Dashboard","decl":{"start":{"line":1,"column":24},"end":{"line":1,"column":36}},"loc":{"start":{"line":1,"column":36},"end":{"line":10,"column":null}},"line":1}},"branchMap":{},"s":{"0":1},"f":{"0":1},"b":{},"meta":{"lastBranch":0,"lastFunction":1,"lastStatement":1,"seen":{"f:1:24:1:36":0,"s:2:2:8:Infinity":0},"fnNames":{}}}
,"C:\\Users\\soham\\Desktop\\unilog\\frontend\\src\\pages\\Landing.tsx": {"path":"C:\\Users\\soham\\Desktop\\unilog\\frontend\\src\\pages\\Landing.tsx","statementMap":{"0":{"start":{"line":2,"column":2},"end":{"line":10,"column":null}}},"fnMap":{"0":{"name":"Landing","decl":{"start":{"line":1,"column":24},"end":{"line":1,"column":34}},"loc":{"start":{"line":1,"column":34},"end":{"line":12,"column":null}},"line":1}},"branchMap":{},"s":{"0":1},"f":{"0":1},"b":{},"meta":{"lastBranch":0,"lastFunction":1,"lastStatement":1,"seen":{"f:1:24:1:34":0,"s:2:2:10:Infinity":0},"fnNames":{}}}
,"C:\\Users\\soham\\Desktop\\unilog\\frontend\\src\\services\\apiClient.ts": {"path":"C:\\Users\\soham\\Desktop\\unilog\\frontend\\src\\services\\apiClient.ts","statementMap":{"0":{"start":{"line":3,"column":21},"end":{"line":3,"column":null}},"1":{"start":{"line":5,"column":25},"end":{"line":11,"column":null}},"2":{"start":{"line":14,"column":0},"end":{"line":28,"column":null}},"3":{"start":{"line":15,"column":16},"end":{"line":15,"column":null}},"4":{"start":{"line":17,"column":22},"end":{"line":17,"column":null}},"5":{"start":{"line":19,"column":4},"end":{"line":21,"column":null}},"6":{"start":{"line":20,"column":6},"end":{"line":20,"column":null}},"7":{"start":{"line":22,"column":4},"end":{"line":26,"column":null}}},"fnMap":{"0":{"name":"(anonymous_0)","decl":{"start":{"line":14,"column":32},"end":{"line":14,"column":null}},"loc":{"start":{"line":15,"column":16},"end":{"line":15,"column":null}},"line":15},"1":{"name":"(anonymous_1)","decl":{"start":{"line":15,"column":16},"end":{"line":15,"column":null}},"loc":{"start":{"line":16,"column":13},"end":{"line":27,"column":null}},"line":16}},"branchMap":{"0":{"loc":{"start":{"line":3,"column":21},"end":{"line":3,"column":null}},"type":"binary-expr","locations":[{"start":{"line":3,"column":21},"end":{"line":3,"column":53}},{"start":{"line":3,"column":53},"end":{"line":3,"column":null}}],"line":3},"1":{"loc":{"start":{"line":19,"column":4},"end":{"line":21,"column":null}},"type":"if","locations":[{"start":{"line":19,"column":4},"end":{"line":21,"column":null}},{"start":{},"end":{}}],"line":19},"2":{"loc":{"start":{"line":19,"column":8},"end":{"line":19,"column":69}},"type":"binary-expr","locations":[{"start":{"line":19,"column":8},"end":{"line":19,"column":21}},{"start":{"line":19,"column":21},"end":{"line":19,"column":52}},{"start":{"line":19,"column":52},"end":{"line":19,"column":69}}],"line":19},"3":{"loc":{"start":{"line":23,"column":12},"end":{"line":23,"column":null}},"type":"binary-expr","locations":[{"start":{"line":23,"column":12},"end":{"line":23,"column":26}},{"start":{"line":23,"column":26},"end":{"line":23,"column":null}}],"line":23},"4":{"loc":{"start":{"line":24,"column":15},"end":{"line":24,"column":null}},"type":"binary-expr","locations":[{"start":{"line":24,"column":15},"end":{"line":24,"column":32}},{"start":{"line":24,"column":32},"end":{"line":24,"column":null}}],"line":24},"5":{"loc":{"start":{"line":25,"column":15},"end":{"line":25,"column":null}},"type":"binary-expr","locations":[{"start":{"line":25,"column":15},"end":{"line":25,"column":39}},{"start":{"line":25,"column":39},"end":{"line":25,"column":null}}],"line":25}},"s":{"0":1,"1":1,"2":1,"3":1,"4":2,"5":2,"6":1,"7":1},"f":{"0":1,"1":2},"b":{"0":[1,0],"1":[1,1],"2":[2,1,1],"3":[1,0],"4":[2,0],"5":[2,1]},"meta":{"lastBranch":6,"lastFunction":2,"lastStatement":8,"seen":{"s:3:21:3:Infinity":0,"b:3:21:3:53:3:53:3:Infinity":0,"s:5:25:11:Infinity":1,"s:14:0:28:Infinity":2,"f:14:32:14:Infinity":0,"s:15:16:15:Infinity":3,"f:15:16:15:Infinity":1,"s:17:22:17:Infinity":4,"b:19:4:21:Infinity:undefined:undefined:undefined:undefined":1,"s:19:4:21:Infinity":5,"b:19:8:19:21:19:21:19:52:19:52:19:69":2,"s:20:6:20:Infinity":6,"s:22:4:26:Infinity":7,"b:23:12:23:26:23:26:23:Infinity":3,"b:24:15:24:32:24:32:24:Infinity":4,"b:25:15:25:39:25:39:25:Infinity":5},"fnNames":{}}}
}
